This file contains any messages produced by compilers while
running configure, to aid debugging if configure makes a mistake.

It was created by FULL-PACKAGE-NAME configure VERSION, which was
generated by GNU Autoconf 2.69.  Invocation command line was

  $ ./configure 

## --------- ##
## Platform. ##
## --------- ##

hostname = yzy-VirtualBox
uname -m = x86_64
uname -r = 4.4.0-57-generic
uname -s = Linux
uname -v = #78-Ubuntu SMP Fri Dec 9 23:50:32 UTC 2016

/usr/bin/uname -p = unknown
/bin/uname -X     = unknown

/bin/arch              = unknown
/usr/bin/arch -k       = unknown
/usr/convex/getsysinfo = unknown
/usr/bin/hostinfo      = unknown
/bin/machine           = unknown
/usr/bin/oslevel       = unknown
/bin/universe          = unknown

PATH: /usr/local/sbin
PATH: /usr/local/bin
PATH: /usr/sbin
PATH: /usr/bin
PATH: /sbin
PATH: /bin
PATH: /usr/games
PATH: /usr/local/games
PATH: /snap/bin


## ----------- ##
## Core tests. ##
## ----------- ##

configure:2305: checking for a BSD-compatible install
configure:2373: result: /usr/bin/install -c
configure:2384: checking whether build environment is sane
configure:2439: result: yes
configure:2477: WARNING: 'missing' script is too old or missing
configure:2590: checking for a thread-safe mkdir -p
configure:2629: result: /bin/mkdir -p
configure:2636: checking for gawk
configure:2666: result: no
configure:2636: checking for mawk
configure:2652: found /usr/bin/mawk
configure:2663: result: mawk
configure:2674: checking whether make sets $(MAKE)
configure:2696: result: yes
configure:2725: checking whether make supports nested variables
configure:2742: result: yes
configure:2929: checking for g++
configure:2945: found /usr/bin/g++
configure:2956: result: g++
configure:2983: checking for C++ compiler version
configure:2992: g++ --version >&5
g++ (Ubuntu 5.4.0-6ubuntu1~16.04.4) 5.4.0 20160609
Copyright (C) 2015 Free Software Foundation, Inc.
This is free software; see the source for copying conditions.  There is NO
warranty; not even for MERCHANTABILITY or FITNESS FOR A PARTICULAR PURPOSE.

configure:3003: $? = 0
configure:2992: g++ -v >&5
Using built-in specs.
COLLECT_GCC=g++
COLLECT_LTO_WRAPPER=/usr/lib/gcc/x86_64-linux-gnu/5/lto-wrapper
Target: x86_64-linux-gnu
Configured with: ../src/configure -v --with-pkgversion='Ubuntu 5.4.0-6ubuntu1~16.04.4' --with-bugurl=file:///usr/share/doc/gcc-5/README.Bugs --enable-languages=c,ada,c++,java,go,d,fortran,objc,obj-c++ --prefix=/usr --program-suffix=-5 --enable-shared --enable-linker-build-id --libexecdir=/usr/lib --without-included-gettext --enable-threads=posix --libdir=/usr/lib --enable-nls --with-sysroot=/ --enable-clocale=gnu --enable-libstdcxx-debug --enable-libstdcxx-time=yes --with-default-libstdcxx-abi=new --enable-gnu-unique-object --disable-vtable-verify --enable-libmpx --enable-plugin --with-system-zlib --disable-browser-plugin --enable-java-awt=gtk --enable-gtk-cairo --with-java-home=/usr/lib/jvm/java-1.5.0-gcj-5-amd64/jre --enable-java-home --with-jvm-root-dir=/usr/lib/jvm/java-1.5.0-gcj-5-amd64 --with-jvm-jar-dir=/usr/lib/jvm-exports/java-1.5.0-gcj-5-amd64 --with-arch-directory=amd64 --with-ecj-jar=/usr/share/java/eclipse-ecj.jar --enable-objc-gc --enable-multiarch --disable-werror --with-arch-32=i686 --with-abi=m64 --with-multilib-list=m32,m64,mx32 --enable-multilib --with-tune=generic --enable-checking=release --build=x86_64-linux-gnu --host=x86_64-linux-gnu --target=x86_64-linux-gnu
Thread model: posix
gcc version 5.4.0 20160609 (Ubuntu 5.4.0-6ubuntu1~16.04.4) 
configure:3003: $? = 0
configure:2992: g++ -V >&5
g++: error: unrecognized command line option '-V'
g++: fatal error: no input files
compilation terminated.
configure:3003: $? = 1
configure:2992: g++ -qversion >&5
g++: error: unrecognized command line option '-qversion'
g++: fatal error: no input files
compilation terminated.
configure:3003: $? = 1
configure:3023: checking whether the C++ compiler works
configure:3045: g++    conftest.cpp  >&5
configure:3049: $? = 0
configure:3097: result: yes
configure:3100: checking for C++ compiler default output file name
configure:3102: result: a.out
configure:3108: checking for suffix of executables
configure:3115: g++ -o conftest    conftest.cpp  >&5
configure:3119: $? = 0
configure:3141: result: 
configure:3163: checking whether we are cross compiling
configure:3171: g++ -o conftest    conftest.cpp  >&5
configure:3175: $? = 0
configure:3182: ./conftest
configure:3186: $? = 0
configure:3201: result: no
configure:3206: checking for suffix of object files
configure:3228: g++ -c   conftest.cpp >&5
configure:3232: $? = 0
configure:3253: result: o
configure:3257: checking whether we are using the GNU C++ compiler
configure:3276: g++ -c   conftest.cpp >&5
configure:3276: $? = 0
configure:3285: result: yes
configure:3294: checking whether g++ accepts -g
configure:3314: g++ -c -g  conftest.cpp >&5
configure:3314: $? = 0
configure:3355: result: yes
configure:3389: checking for style of include used by make
configure:3417: result: GNU
configure:3443: checking dependency style of g++
configure:3554: result: gcc3
configure:3617: checking for gcc
configure:3633: found /usr/bin/gcc
configure:3644: result: gcc
configure:3873: checking for C compiler version
configure:3882: gcc --version >&5
gcc (Ubuntu 5.4.0-6ubuntu1~16.04.4) 5.4.0 20160609
Copyright (C) 2015 Free Software Foundation, Inc.
This is free software; see the source for copying conditions.  There is NO
warranty; not even for MERCHANTABILITY or FITNESS FOR A PARTICULAR PURPOSE.

configure:3893: $? = 0
configure:3882: gcc -v >&5
Using built-in specs.
COLLECT_GCC=gcc
COLLECT_LTO_WRAPPER=/usr/lib/gcc/x86_64-linux-gnu/5/lto-wrapper
Target: x86_64-linux-gnu
Configured with: ../src/configure -v --with-pkgversion='Ubuntu 5.4.0-6ubuntu1~16.04.4' --with-bugurl=file:///usr/share/doc/gcc-5/README.Bugs --enable-languages=c,ada,c++,java,go,d,fortran,objc,obj-c++ --prefix=/usr --program-suffix=-5 --enable-shared --enable-linker-build-id --libexecdir=/usr/lib --without-included-gettext --enable-threads=posix --libdir=/usr/lib --enable-nls --with-sysroot=/ --enable-clocale=gnu --enable-libstdcxx-debug --enable-libstdcxx-time=yes --with-default-libstdcxx-abi=new --enable-gnu-unique-object --disable-vtable-verify --enable-libmpx --enable-plugin --with-system-zlib --disable-browser-plugin --enable-java-awt=gtk --enable-gtk-cairo --with-java-home=/usr/lib/jvm/java-1.5.0-gcj-5-amd64/jre --enable-java-home --with-jvm-root-dir=/usr/lib/jvm/java-1.5.0-gcj-5-amd64 --with-jvm-jar-dir=/usr/lib/jvm-exports/java-1.5.0-gcj-5-amd64 --with-arch-directory=amd64 --with-ecj-jar=/usr/share/java/eclipse-ecj.jar --enable-objc-gc --enable-multiarch --disable-werror --with-arch-32=i686 --with-abi=m64 --with-multilib-list=m32,m64,mx32 --enable-multilib --with-tune=generic --enable-checking=release --build=x86_64-linux-gnu --host=x86_64-linux-gnu --target=x86_64-linux-gnu
Thread model: posix
gcc version 5.4.0 20160609 (Ubuntu 5.4.0-6ubuntu1~16.04.4) 
configure:3893: $? = 0
configure:3882: gcc -V >&5
gcc: error: unrecognized command line option '-V'
gcc: fatal error: no input files
compilation terminated.
configure:3893: $? = 1
configure:3882: gcc -qversion >&5
gcc: error: unrecognized command line option '-qversion'
gcc: fatal error: no input files
compilation terminated.
configure:3893: $? = 1
configure:3897: checking whether we are using the GNU C compiler
configure:3916: gcc -c   conftest.c >&5
configure:3916: $? = 0
configure:3925: result: yes
configure:3934: checking whether gcc accepts -g
configure:3954: gcc -c -g  conftest.c >&5
configure:3954: $? = 0
configure:3995: result: yes
configure:4012: checking for gcc option to accept ISO C89
configure:4075: gcc  -c -g -O2  conftest.c >&5
configure:4075: $? = 0
configure:4088: result: none needed
configure:4113: checking whether gcc understands -c and -o together
configure:4135: gcc -c conftest.c -o conftest2.o
configure:4138: $? = 0
configure:4135: gcc -c conftest.c -o conftest2.o
configure:4138: $? = 0
configure:4150: result: yes
configure:4169: checking dependency style of gcc
configure:4280: result: gcc3
configure:4305: checking how to run the C preprocessor
configure:4336: gcc -E  conftest.c
configure:4336: $? = 0
configure:4350: gcc -E  conftest.c
conftest.c:11:28: fatal error: ac_nonexistent.h: No such file or directory
compilation terminated.
configure:4350: $? = 1
configure: failed program was:
| /* confdefs.h */
| #define PACKAGE_NAME "FULL-PACKAGE-NAME"
| #define PACKAGE_TARNAME "full-package-name"
| #define PACKAGE_VERSION "VERSION"
| #define PACKAGE_STRING "FULL-PACKAGE-NAME VERSION"
| #define PACKAGE_BUGREPORT "BUG-REPORT-ADDRESS"
| #define PACKAGE_URL ""
| #define PACKAGE "phddns"
| #define VERSION "2.0.2.16556"
| /* end confdefs.h.  */
| #include <ac_nonexistent.h>
configure:4375: result: gcc -E
configure:4395: gcc -E  conftest.c
configure:4395: $? = 0
configure:4409: gcc -E  conftest.c
conftest.c:11:28: fatal error: ac_nonexistent.h: No such file or directory
compilation terminated.
configure:4409: $? = 1
configure: failed program was:
| /* confdefs.h */
| #define PACKAGE_NAME "FULL-PACKAGE-NAME"
| #define PACKAGE_TARNAME "full-package-name"
| #define PACKAGE_VERSION "VERSION"
| #define PACKAGE_STRING "FULL-PACKAGE-NAME VERSION"
| #define PACKAGE_BUGREPORT "BUG-REPORT-ADDRESS"
| #define PACKAGE_URL ""
| #define PACKAGE "phddns"
| #define VERSION "2.0.2.16556"
| /* end confdefs.h.  */
| #include <ac_nonexistent.h>
configure:4438: checking for grep that handles long lines and -e
configure:4496: result: /bin/grep
configure:4501: checking for egrep
configure:4563: result: /bin/grep -E
configure:4568: checking for ANSI C header files
configure:4588: gcc -c -g -O2  conftest.c >&5
configure:4588: $? = 0
configure:4661: gcc -o conftest -g -O2   conftest.c  >&5
configure:4661: $? = 0
configure:4661: ./conftest
configure:4661: $? = 0
configure:4672: result: yes
configure:4685: checking for sys/types.h
configure:4685: gcc -c -g -O2  conftest.c >&5
configure:4685: $? = 0
configure:4685: result: yes
configure:4685: checking for sys/stat.h
configure:4685: gcc -c -g -O2  conftest.c >&5
configure:4685: $? = 0
configure:4685: result: yes
configure:4685: checking for stdlib.h
configure:4685: gcc -c -g -O2  conftest.c >&5
configure:4685: $? = 0
configure:4685: result: yes
configure:4685: checking for string.h
configure:4685: gcc -c -g -O2  conftest.c >&5
configure:4685: $? = 0
configure:4685: result: yes
configure:4685: checking for memory.h
configure:4685: gcc -c -g -O2  conftest.c >&5
configure:4685: $? = 0
configure:4685: result: yes
configure:4685: checking for strings.h
configure:4685: gcc -c -g -O2  conftest.c >&5
configure:4685: $? = 0
configure:4685: result: yes
configure:4685: checking for inttypes.h
configure:4685: gcc -c -g -O2  conftest.c >&5
configure:4685: $? = 0
configure:4685: result: yes
configure:4685: checking for stdint.h
configure:4685: gcc -c -g -O2  conftest.c >&5
configure:4685: $? = 0
configure:4685: result: yes
configure:4685: checking for unistd.h
configure:4685: gcc -c -g -O2  conftest.c >&5
configure:4685: $? = 0
configure:4685: result: yes
configure:4700: checking arpa/inet.h usability
configure:4700: gcc -c -g -O2  conftest.c >&5
configure:4700: $? = 0
configure:4700: result: yes
configure:4700: checking arpa/inet.h presence
configure:4700: gcc -E  conftest.c
configure:4700: $? = 0
configure:4700: result: yes
configure:4700: checking for arpa/inet.h
configure:4700: result: yes
configure:4700: checking fcntl.h usability
configure:4700: gcc -c -g -O2  conftest.c >&5
configure:4700: $? = 0
configure:4700: result: yes
configure:4700: checking fcntl.h presence
configure:4700: gcc -E  conftest.c
configure:4700: $? = 0
configure:4700: result: yes
configure:4700: checking for fcntl.h
configure:4700: result: yes
configure:4700: checking for memory.h
configure:4700: result: yes
configure:4700: checking netdb.h usability
configure:4700: gcc -c -g -O2  conftest.c >&5
configure:4700: $? = 0
configure:4700: result: yes
configure:4700: checking netdb.h presence
configure:4700: gcc -E  conftest.c
configure:4700: $? = 0
configure:4700: result: yes
configure:4700: checking for netdb.h
configure:4700: result: yes
configure:4700: checking netinet/in.h usability
configure:4700: gcc -c -g -O2  conftest.c >&5
configure:4700: $? = 0
configure:4700: result: yes
configure:4700: checking netinet/in.h presence
configure:4700: gcc -E  conftest.c
configure:4700: $? = 0
configure:4700: result: yes
configure:4700: checking for netinet/in.h
configure:4700: result: yes
configure:4700: checking stddef.h usability
configure:4700: gcc -c -g -O2  conftest.c >&5
configure:4700: $? = 0
configure:4700: result: yes
configure:4700: checking stddef.h presence
configure:4700: gcc -E  conftest.c
configure:4700: $? = 0
configure:4700: result: yes
configure:4700: checking for stddef.h
configure:4700: result: yes
configure:4700: checking for stdlib.h
configure:4700: result: yes
configure:4700: checking for string.h
configure:4700: result: yes
configure:4700: checking sys/ioctl.h usability
configure:4700: gcc -c -g -O2  conftest.c >&5
configure:4700: $? = 0
configure:4700: result: yes
configure:4700: checking sys/ioctl.h presence
configure:4700: gcc -E  conftest.c
configure:4700: $? = 0
configure:4700: result: yes
configure:4700: checking for sys/ioctl.h
configure:4700: result: yes
configure:4700: checking sys/socket.h usability
configure:4700: gcc -c -g -O2  conftest.c >&5
configure:4700: $? = 0
configure:4700: result: yes
configure:4700: checking sys/socket.h presence
configure:4700: gcc -E  conftest.c
configure:4700: $? = 0
configure:4700: result: yes
configure:4700: checking for sys/socket.h
configure:4700: result: yes
configure:4700: checking sys/time.h usability
configure:4700: gcc -c -g -O2  conftest.c >&5
configure:4700: $? = 0
configure:4700: result: yes
configure:4700: checking sys/time.h presence
configure:4700: gcc -E  conftest.c
configure:4700: $? = 0
configure:4700: result: yes
configure:4700: checking for sys/time.h
configure:4700: result: yes
configure:4700: checking sys/timeb.h usability
configure:4700: gcc -c -g -O2  conftest.c >&5
configure:4700: $? = 0
configure:4700: result: yes
configure:4700: checking sys/timeb.h presence
configure:4700: gcc -E  conftest.c
configure:4700: $? = 0
configure:4700: result: yes
configure:4700: checking for sys/timeb.h
configure:4700: result: yes
configure:4700: checking termios.h usability
configure:4700: gcc -c -g -O2  conftest.c >&5
configure:4700: $? = 0
configure:4700: result: yes
configure:4700: checking termios.h presence
configure:4700: gcc -E  conftest.c
configure:4700: $? = 0
configure:4700: result: yes
configure:4700: checking for termios.h
configure:4700: result: yes
configure:4700: checking for unistd.h
configure:4700: result: yes
configure:4712: checking for stdbool.h that conforms to C99
configure:4779: gcc -c -g -O2  conftest.c >&5
configure:4779: $? = 0
configure:4786: result: yes
configure:4788: checking for _Bool
configure:4788: gcc -c -g -O2  conftest.c >&5
configure:4788: $? = 0
configure:4788: gcc -c -g -O2  conftest.c >&5
conftest.c: In function 'main':
conftest.c:71:20: error: expected expression before ')' token
 if (sizeof ((_Bool)))
                    ^
configure:4788: $? = 1
configure: failed program was:
| /* confdefs.h */
| #define PACKAGE_NAME "FULL-PACKAGE-NAME"
| #define PACKAGE_TARNAME "full-package-name"
| #define PACKAGE_VERSION "VERSION"
| #define PACKAGE_STRING "FULL-PACKAGE-NAME VERSION"
| #define PACKAGE_BUGREPORT "BUG-REPORT-ADDRESS"
| #define PACKAGE_URL ""
| #define PACKAGE "phddns"
| #define VERSION "2.0.2.16556"
| #define STDC_HEADERS 1
| #define HAVE_SYS_TYPES_H 1
| #define HAVE_SYS_STAT_H 1
| #define HAVE_STDLIB_H 1
| #define HAVE_STRING_H 1
| #define HAVE_MEMORY_H 1
| #define HAVE_STRINGS_H 1
| #define HAVE_INTTYPES_H 1
| #define HAVE_STDINT_H 1
| #define HAVE_UNISTD_H 1
| #define HAVE_ARPA_INET_H 1
| #define HAVE_FCNTL_H 1
| #define HAVE_MEMORY_H 1
| #define HAVE_NETDB_H 1
| #define HAVE_NETINET_IN_H 1
| #define HAVE_STDDEF_H 1
| #define HAVE_STDLIB_H 1
| #define HAVE_STRING_H 1
| #define HAVE_SYS_IOCTL_H 1
| #define HAVE_SYS_SOCKET_H 1
| #define HAVE_SYS_TIME_H 1
| #define HAVE_SYS_TIMEB_H 1
| #define HAVE_TERMIOS_H 1
| #define HAVE_UNISTD_H 1
| /* end confdefs.h.  */
| #include <stdio.h>
| #ifdef HAVE_SYS_TYPES_H
| # include <sys/types.h>
| #endif
| #ifdef HAVE_SYS_STAT_H
| # include <sys/stat.h>
| #endif
| #ifdef STDC_HEADERS
| # include <stdlib.h>
| # include <stddef.h>
| #else
| # ifdef HAVE_STDLIB_H
| #  include <stdlib.h>
| # endif
| #endif
| #ifdef HAVE_STRING_H
| # if !defined STDC_HEADERS && defined HAVE_MEMORY_H
| #  include <memory.h>
| # endif
| # include <string.h>
| #endif
| #ifdef HAVE_STRINGS_H
| # include <strings.h>
| #endif
| #ifdef HAVE_INTTYPES_H
| # include <inttypes.h>
| #endif
| #ifdef HAVE_STDINT_H
| # include <stdint.h>
| #endif
| #ifdef HAVE_UNISTD_H
| # include <unistd.h>
| #endif
| int
| main ()
| {
| if (sizeof ((_Bool)))
| 	    return 0;
|   ;
|   return 0;
| }
configure:4788: result: yes
configure:4805: checking for an ANSI C-conforming const
configure:4871: gcc -c -g -O2  conftest.c >&5
configure:4871: $? = 0
configure:4878: result: yes
configure:4886: checking for inline
configure:4902: gcc -c -g -O2  conftest.c >&5
configure:4902: $? = 0
configure:4910: result: inline
configure:4928: checking for size_t
configure:4928: gcc -c -g -O2  conftest.c >&5
configure:4928: $? = 0
configure:4928: gcc -c -g -O2  conftest.c >&5
conftest.c: In function 'main':
conftest.c:73:21: error: expected expression before ')' token
 if (sizeof ((size_t)))
                     ^
configure:4928: $? = 1
configure: failed program was:
| /* confdefs.h */
| #define PACKAGE_NAME "FULL-PACKAGE-NAME"
| #define PACKAGE_TARNAME "full-package-name"
| #define PACKAGE_VERSION "VERSION"
| #define PACKAGE_STRING "FULL-PACKAGE-NAME VERSION"
| #define PACKAGE_BUGREPORT "BUG-REPORT-ADDRESS"
| #define PACKAGE_URL ""
| #define PACKAGE "phddns"
| #define VERSION "2.0.2.16556"
| #define STDC_HEADERS 1
| #define HAVE_SYS_TYPES_H 1
| #define HAVE_SYS_STAT_H 1
| #define HAVE_STDLIB_H 1
| #define HAVE_STRING_H 1
| #define HAVE_MEMORY_H 1
| #define HAVE_STRINGS_H 1
| #define HAVE_INTTYPES_H 1
| #define HAVE_STDINT_H 1
| #define HAVE_UNISTD_H 1
| #define HAVE_ARPA_INET_H 1
| #define HAVE_FCNTL_H 1
| #define HAVE_MEMORY_H 1
| #define HAVE_NETDB_H 1
| #define HAVE_NETINET_IN_H 1
| #define HAVE_STDDEF_H 1
| #define HAVE_STDLIB_H 1
| #define HAVE_STRING_H 1
| #define HAVE_SYS_IOCTL_H 1
| #define HAVE_SYS_SOCKET_H 1
| #define HAVE_SYS_TIME_H 1
| #define HAVE_SYS_TIMEB_H 1
| #define HAVE_TERMIOS_H 1
| #define HAVE_UNISTD_H 1
| #define HAVE__BOOL 1
| #define HAVE_STDBOOL_H 1
| /* end confdefs.h.  */
| #include <stdio.h>
| #ifdef HAVE_SYS_TYPES_H
| # include <sys/types.h>
| #endif
| #ifdef HAVE_SYS_STAT_H
| # include <sys/stat.h>
| #endif
| #ifdef STDC_HEADERS
| # include <stdlib.h>
| # include <stddef.h>
| #else
| # ifdef HAVE_STDLIB_H
| #  include <stdlib.h>
| # endif
| #endif
| #ifdef HAVE_STRING_H
| # if !defined STDC_HEADERS && defined HAVE_MEMORY_H
| #  include <memory.h>
| # endif
| # include <string.h>
| #endif
| #ifdef HAVE_STRINGS_H
| # include <strings.h>
| #endif
| #ifdef HAVE_INTTYPES_H
| # include <inttypes.h>
| #endif
| #ifdef HAVE_STDINT_H
| # include <stdint.h>
| #endif
| #ifdef HAVE_UNISTD_H
| # include <unistd.h>
| #endif
| int
| main ()
| {
| if (sizeof ((size_t)))
| 	    return 0;
|   ;
|   return 0;
| }
configure:4928: result: yes
configure:4939: checking whether time.h and sys/time.h may both be included
configure:4959: gcc -c -g -O2  conftest.c >&5
configure:4959: $? = 0
configure:4966: result: yes
configure:4974: checking whether struct tm is in sys/time.h or time.h
configure:4994: gcc -c -g -O2  conftest.c >&5
configure:4994: $? = 0
configure:5001: result: time.h
configure:5014: checking sys/select.h usability
configure:5014: gcc -c -g -O2  conftest.c >&5
configure:5014: $? = 0
configure:5014: result: yes
configure:5014: checking sys/select.h presence
configure:5014: gcc -E  conftest.c
configure:5014: $? = 0
configure:5014: result: yes
configure:5014: checking for sys/select.h
configure:5014: result: yes
configure:5014: checking for sys/socket.h
configure:5014: result: yes
configure:5024: checking types of arguments for select
configure:5052: gcc -c -g -O2  conftest.c >&5
configure:5052: $? = 0
configure:5063: result: int,fd_set *,struct timeval *
configure:5086: checking return type of signal handlers
configure:5104: gcc -c -g -O2  conftest.c >&5
conftest.c: In function 'main':
conftest.c:49:9: error: void value not ignored as it ought to be
 return *(signal (0, 0)) (0) == 1;
         ^
configure:5104: $? = 1
configure: failed program was:
| /* confdefs.h */
| #define PACKAGE_NAME "FULL-PACKAGE-NAME"
| #define PACKAGE_TARNAME "full-package-name"
| #define PACKAGE_VERSION "VERSION"
| #define PACKAGE_STRING "FULL-PACKAGE-NAME VERSION"
| #define PACKAGE_BUGREPORT "BUG-REPORT-ADDRESS"
| #define PACKAGE_URL ""
| #define PACKAGE "phddns"
| #define VERSION "2.0.2.16556"
| #define STDC_HEADERS 1
| #define HAVE_SYS_TYPES_H 1
| #define HAVE_SYS_STAT_H 1
| #define HAVE_STDLIB_H 1
| #define HAVE_STRING_H 1
| #define HAVE_MEMORY_H 1
| #define HAVE_STRINGS_H 1
| #define HAVE_INTTYPES_H 1
| #define HAVE_STDINT_H 1
| #define HAVE_UNISTD_H 1
| #define HAVE_ARPA_INET_H 1
| #define HAVE_FCNTL_H 1
| #define HAVE_MEMORY_H 1
| #define HAVE_NETDB_H 1
| #define HAVE_NETINET_IN_H 1
| #define HAVE_STDDEF_H 1
| #define HAVE_STDLIB_H 1
| #define HAVE_STRING_H 1
| #define HAVE_SYS_IOCTL_H 1
| #define HAVE_SYS_SOCKET_H 1
| #define HAVE_SYS_TIME_H 1
| #define HAVE_SYS_TIMEB_H 1
| #define HAVE_TERMIOS_H 1
| #define HAVE_UNISTD_H 1
| #define HAVE__BOOL 1
| #define HAVE_STDBOOL_H 1
| #define TIME_WITH_SYS_TIME 1
| #define HAVE_SYS_SELECT_H 1
| #define HAVE_SYS_SOCKET_H 1
| #define SELECT_TYPE_ARG1 int
| #define SELECT_TYPE_ARG234 (fd_set *)
| #define SELECT_TYPE_ARG5 (struct timeval *)
| /* end confdefs.h.  */
| #include <sys/types.h>
| #include <signal.h>
| 
| int
| main ()
| {
| return *(signal (0, 0)) (0) == 1;
|   ;
|   return 0;
| }
configure:5111: result: void
configure:5121: checking for strftime
configure:5121: gcc -o conftest -g -O2   conftest.c  >&5
conftest.c:67:6: warning: conflicting types for built-in function 'strftime'
 char strftime ();
      ^
configure:5121: $? = 0
configure:5121: result: yes
configure:5176: checking for vprintf
configure:5176: gcc -o conftest -g -O2   conftest.c  >&5
conftest.c:68:6: warning: conflicting types for built-in function 'vprintf'
 char vprintf ();
      ^
configure:5176: $? = 0
configure:5176: result: yes
configure:5182: checking for _doprnt
configure:5182: gcc -o conftest -g -O2   conftest.c  >&5
/tmp/ccov6tOd.o: In function `main':
/home/yzy/yzy/server/phddns-2.0.2.16556/conftest.c:80: undefined reference to `_doprnt'
collect2: error: ld returned 1 exit status
configure:5182: $? = 1
configure: failed program was:
| /* confdefs.h */
| #define PACKAGE_NAME "FULL-PACKAGE-NAME"
| #define PACKAGE_TARNAME "full-package-name"
| #define PACKAGE_VERSION "VERSION"
| #define PACKAGE_STRING "FULL-PACKAGE-NAME VERSION"
| #define PACKAGE_BUGREPORT "BUG-REPORT-ADDRESS"
| #define PACKAGE_URL ""
| #define PACKAGE "phddns"
| #define VERSION "2.0.2.16556"
| #define STDC_HEADERS 1
| #define HAVE_SYS_TYPES_H 1
| #define HAVE_SYS_STAT_H 1
| #define HAVE_STDLIB_H 1
| #define HAVE_STRING_H 1
| #define HAVE_MEMORY_H 1
| #define HAVE_STRINGS_H 1
| #define HAVE_INTTYPES_H 1
| #define HAVE_STDINT_H 1
| #define HAVE_UNISTD_H 1
| #define HAVE_ARPA_INET_H 1
| #define HAVE_FCNTL_H 1
| #define HAVE_MEMORY_H 1
| #define HAVE_NETDB_H 1
| #define HAVE_NETINET_IN_H 1
| #define HAVE_STDDEF_H 1
| #define HAVE_STDLIB_H 1
| #define HAVE_STRING_H 1
| #define HAVE_SYS_IOCTL_H 1
| #define HAVE_SYS_SOCKET_H 1
| #define HAVE_SYS_TIME_H 1
| #define HAVE_SYS_TIMEB_H 1
| #define HAVE_TERMIOS_H 1
| #define HAVE_UNISTD_H 1
| #define HAVE__BOOL 1
| #define HAVE_STDBOOL_H 1
| #define TIME_WITH_SYS_TIME 1
| #define HAVE_SYS_SELECT_H 1
| #define HAVE_SYS_SOCKET_H 1
| #define SELECT_TYPE_ARG1 int
| #define SELECT_TYPE_ARG234 (fd_set *)
| #define SELECT_TYPE_ARG5 (struct timeval *)
| #define RETSIGTYPE void
| #define HAVE_STRFTIME 1
| #define HAVE_VPRINTF 1
| /* end confdefs.h.  */
| /* Define _doprnt to an innocuous variant, in case <limits.h> declares _doprnt.
|    For example, HP-UX 11i <limits.h> declares gettimeofday.  */
| #define _doprnt innocuous__doprnt
| 
| /* System header to define __stub macros and hopefully few prototypes,
|     which can conflict with char _doprnt (); below.
|     Prefer <limits.h> to <assert.h> if __STDC__ is defined, since
|     <limits.h> exists even on freestanding compilers.  */
| 
| #ifdef __STDC__
| # include <limits.h>
| #else
| # include <assert.h>
| #endif
| 
| #undef _doprnt
| 
| /* Override any GCC internal prototype to avoid an error.
|    Use char because int might match the return type of a GCC
|    builtin and then its argument prototype would still apply.  */
| #ifdef __cplusplus
| extern "C"
| #endif
| char _doprnt ();
| /* The GNU C library defines this for functions which it implements
|     to always fail with ENOSYS.  Some functions are actually named
|     something starting with __ and the normal name is an alias.  */
| #if defined __stub__doprnt || defined __stub____doprnt
| choke me
| #endif
| 
| int
| main ()
| {
| return _doprnt ();
|   ;
|   return 0;
| }
configure:5182: result: no
configure:5196: checking for gethostbyname
configure:5196: gcc -o conftest -g -O2   conftest.c  >&5
configure:5196: $? = 0
configure:5196: result: yes
configure:5196: checking for inet_ntoa
configure:5196: gcc -o conftest -g -O2   conftest.c  >&5
configure:5196: $? = 0
configure:5196: result: yes
configure:5196: checking for isascii
configure:5196: gcc -o conftest -g -O2   conftest.c  >&5
conftest.c:71:6: warning: conflicting types for built-in function 'isascii'
 char isascii ();
      ^
configure:5196: $? = 0
configure:5196: result: yes
configure:5196: checking for memset
configure:5196: gcc -o conftest -g -O2   conftest.c  >&5
conftest.c:72:6: warning: conflicting types for built-in function 'memset'
 char memset ();
      ^
configure:5196: $? = 0
configure:5196: result: yes
configure:5196: checking for select
configure:5196: gcc -o conftest -g -O2   conftest.c  >&5
configure:5196: $? = 0
configure:5196: result: yes
configure:5196: checking for socket
configure:5196: gcc -o conftest -g -O2   conftest.c  >&5
configure:5196: $? = 0
configure:5196: result: yes
configure:5196: checking for strchr
configure:5196: gcc -o conftest -g -O2   conftest.c  >&5
conftest.c:75:6: warning: conflicting types for built-in function 'strchr'
 char strchr ();
      ^
configure:5196: $? = 0
configure:5196: result: yes
configure:5196: checking for strstr
configure:5196: gcc -o conftest -g -O2   conftest.c  >&5
conftest.c:76:6: warning: conflicting types for built-in function 'strstr'
 char strstr ();
      ^
configure:5196: $? = 0
configure:5196: result: yes
configure:5352: checking that generated files are newer than configure
configure:5358: result: done
configure:5385: creating ./config.status

## ---------------------- ##
## Running config.status. ##
## ---------------------- ##

This file was extended by FULL-PACKAGE-NAME config.status VERSION, which was
generated by GNU Autoconf 2.69.  Invocation command line was

  CONFIG_FILES    = 
  CONFIG_HEADERS  = 
  CONFIG_LINKS    = 
  CONFIG_COMMANDS = 
  $ ./config.status 

on yzy-VirtualBox

config.status:789: creating Makefile
config.status:897: WARNING:  'Makefile.in' seems to ignore the --datarootdir setting
config.status:789: creating src/Makefile
config.status:897: WARNING:  'src/Makefile.in' seems to ignore the --datarootdir setting
config.status:961: executing depfiles commands

## ---------------- ##
## Cache variables. ##
## ---------------- ##

ac_cv_c_compiler_gnu=yes
ac_cv_c_const=yes
ac_cv_c_inline=inline
ac_cv_cxx_compiler_gnu=yes
ac_cv_env_CCC_set=
ac_cv_env_CCC_value=
ac_cv_env_CC_set=
ac_cv_env_CC_value=
ac_cv_env_CFLAGS_set=
ac_cv_env_CFLAGS_value=
ac_cv_env_CPPFLAGS_set=
ac_cv_env_CPPFLAGS_value=
ac_cv_env_CPP_set=
ac_cv_env_CPP_value=
ac_cv_env_CXXFLAGS_set=
ac_cv_env_CXXFLAGS_value=
ac_cv_env_CXX_set=
ac_cv_env_CXX_value=
ac_cv_env_LDFLAGS_set=
ac_cv_env_LDFLAGS_value=
ac_cv_env_LIBS_set=
ac_cv_env_LIBS_value=
ac_cv_env_build_alias_set=
ac_cv_env_build_alias_value=
ac_cv_env_host_alias_set=
ac_cv_env_host_alias_value=
ac_cv_env_target_alias_set=
ac_cv_env_target_alias_value=
ac_cv_func__doprnt=no
ac_cv_func_gethostbyname=yes
ac_cv_func_inet_ntoa=yes
ac_cv_func_isascii=yes
ac_cv_func_memset=yes
ac_cv_func_select=yes
ac_cv_func_select_args='int,fd_set *,struct timeval *'
ac_cv_func_socket=yes
ac_cv_func_strchr=yes
ac_cv_func_strftime=yes
ac_cv_func_strstr=yes
ac_cv_func_vprintf=yes
ac_cv_header_arpa_inet_h=yes
ac_cv_header_fcntl_h=yes
ac_cv_header_inttypes_h=yes
ac_cv_header_memory_h=yes
ac_cv_header_netdb_h=yes
ac_cv_header_netinet_in_h=yes
ac_cv_header_stdbool_h=yes
ac_cv_header_stdc=yes
ac_cv_header_stddef_h=yes
ac_cv_header_stdint_h=yes
ac_cv_header_stdlib_h=yes
ac_cv_header_string_h=yes
ac_cv_header_strings_h=yes
ac_cv_header_sys_ioctl_h=yes
ac_cv_header_sys_select_h=yes
ac_cv_header_sys_socket_h=yes
ac_cv_header_sys_stat_h=yes
ac_cv_header_sys_time_h=yes
ac_cv_header_sys_timeb_h=yes
ac_cv_header_sys_types_h=yes
ac_cv_header_termios_h=yes
ac_cv_header_time=yes
ac_cv_header_unistd_h=yes
ac_cv_objext=o
ac_cv_path_EGREP='/bin/grep -E'
ac_cv_path_GREP=/bin/grep
ac_cv_path_install='/usr/bin/install -c'
ac_cv_path_mkdir=/bin/mkdir
ac_cv_prog_AWK=mawk
ac_cv_prog_CPP='gcc -E'
ac_cv_prog_ac_ct_CC=gcc
ac_cv_prog_ac_ct_CXX=g++
ac_cv_prog_cc_c89=
ac_cv_prog_cc_g=yes
ac_cv_prog_cxx_g=yes
ac_cv_prog_make_make_set=yes
ac_cv_struct_tm=time.h
ac_cv_type__Bool=yes
ac_cv_type_signal=void
ac_cv_type_size_t=yes
am_cv_CC_dependencies_compiler_type=gcc3
am_cv_CXX_dependencies_compiler_type=gcc3
am_cv_make_support_nested_variables=yes
am_cv_prog_cc_c_o=yes

## ----------------- ##
## Output variables. ##
## ----------------- ##

ACLOCAL='aclocal-1.15'
AMDEPBACKSLASH='\'
AMDEP_FALSE='#'
AMDEP_TRUE=''
AMTAR='$${TAR-tar}'
AM_BACKSLASH='\'
AM_DEFAULT_V='$(AM_DEFAULT_VERBOSITY)'
AM_DEFAULT_VERBOSITY='1'
AM_V='$(V)'
AUTOCONF='autoconf'
AUTOHEADER='autoheader'
AUTOMAKE='automake-1.15'
AWK='mawk'
CC='gcc'
CCDEPMODE='depmode=gcc3'
CFLAGS='-g -O2'
CPP='gcc -E'
CPPFLAGS=''
CXX='g++'
CXXDEPMODE='depmode=gcc3'
CXXFLAGS='-g -O2'
CYGPATH_W='echo'
DEFS='-DPACKAGE_NAME=\"FULL-PACKAGE-NAME\" -DPACKAGE_TARNAME=\"full-package-name\" -DPACKAGE_VERSION=\"VERSION\" -DPACKAGE_STRING=\"FULL-PACKAGE-NAME\ VERSION\" -DPACKAGE_BUGREPORT=\"BUG-REPORT-ADDRESS\" -DPACKAGE_URL=\"\" -DPACKAGE=\"phddns\" -DVERSION=\"2.0.2.16556\" -DSTDC_HEADERS=1 -DHAVE_SYS_TYPES_H=1 -DHAVE_SYS_STAT_H=1 -DHAVE_STDLIB_H=1 -DHAVE_STRING_H=1 -DHAVE_MEMORY_H=1 -DHAVE_STRINGS_H=1 -DHAVE_INTTYPES_H=1 -DHAVE_STDINT_H=1 -DHAVE_UNISTD_H=1 -DHAVE_ARPA_INET_H=1 -DHAVE_FCNTL_H=1 -DHAVE_MEMORY_H=1 -DHAVE_NETDB_H=1 -DHAVE_NETINET_IN_H=1 -DHAVE_STDDEF_H=1 -DHAVE_STDLIB_H=1 -DHAVE_STRING_H=1 -DHAVE_SYS_IOCTL_H=1 -DHAVE_SYS_SOCKET_H=1 -DHAVE_SYS_TIME_H=1 -DHAVE_SYS_TIMEB_H=1 -DHAVE_TERMIOS_H=1 -DHAVE_UNISTD_H=1 -DHAVE__BOOL=1 -DHAVE_STDBOOL_H=1 -DTIME_WITH_SYS_TIME=1 -DHAVE_SYS_SELECT_H=1 -DHAVE_SYS_SOCKET_H=1 -DSELECT_TYPE_ARG1=int -DSELECT_TYPE_ARG234=\(fd_set\ \*\) -DSELECT_TYPE_ARG5=\(struct\ timeval\ \*\) -DRETSIGTYPE=void -DHAVE_STRFTIME=1 -DHAVE_VPRINTF=1 -DHAVE_GETHOSTBYNAME=1 -DHAVE_INET_NTOA=1 -DHAVE_ISASCII=1 -DHAVE_MEMSET=1 -DHAVE_SELECT=1 -DHAVE_SOCKET=1 -DHAVE_STRCHR=1 -DHAVE_STRSTR=1'
DEPDIR='.deps'
ECHO_C=''
ECHO_N='-n'
ECHO_T=''
EGREP='/bin/grep -E'
EXEEXT=''
GREP='/bin/grep'
INSTALL_DATA='${INSTALL} -m 644'
INSTALL_PROGRAM='${INSTALL}'
INSTALL_SCRIPT='${INSTALL}'
INSTALL_STRIP_PROGRAM='$(install_sh) -c -s'
LDFLAGS=''
LIBOBJS=''
LIBS=''
LTLIBOBJS=''
MAKEINFO='makeinfo'
MKDIR_P='/bin/mkdir -p'
OBJEXT='o'
PACKAGE='phddns'
PACKAGE_BUGREPORT='BUG-REPORT-ADDRESS'
PACKAGE_NAME='FULL-PACKAGE-NAME'
PACKAGE_STRING='FULL-PACKAGE-NAME VERSION'
PACKAGE_TARNAME='full-package-name'
PACKAGE_URL=''
PACKAGE_VERSION='VERSION'
PATH_SEPARATOR=':'
SET_MAKE=''
SHELL='/bin/bash'
STRIP=''
VERSION='2.0.2.16556'
ac_ct_CC='gcc'
ac_ct_CXX='g++'
am__EXEEXT_FALSE=''
am__EXEEXT_TRUE='#'
am__fastdepCC_FALSE='#'
am__fastdepCC_TRUE=''
am__fastdepCXX_FALSE='#'
am__fastdepCXX_TRUE=''
am__include='include'
am__isrc=''
am__leading_dot='.'
am__nodep='_no'
am__quote=''
am__tar='$${TAR-tar} chof - "$$tardir"'
am__untar='$${TAR-tar} xf -'
bindir='${exec_prefix}/bin'
build_alias=''
datadir='${datarootdir}'
datarootdir='${prefix}/share'
docdir='${datarootdir}/doc/${PACKAGE_TARNAME}'
dvidir='${docdir}'
exec_prefix='${prefix}'
host_alias=''
htmldir='${docdir}'
includedir='${prefix}/include'
infodir='${datarootdir}/info'
install_sh='${SHELL} /home/yzy/yzy/server/phddns-2.0.2.16556/install-sh'
libdir='${exec_prefix}/lib'
libexecdir='${exec_prefix}/libexec'
localedir='${datarootdir}/locale'
localstatedir='${prefix}/var'
mandir='${datarootdir}/man'
mkdir_p='$(MKDIR_P)'
oldincludedir='/usr/include'
pdfdir='${docdir}'
prefix='/usr/local'
program_transform_name='s,x,x,'
psdir='${docdir}'
runstatedir='${localstatedir}/run'
sbindir='${exec_prefix}/sbin'
sharedstatedir='${prefix}/com'
sysconfdir='${prefix}/etc'
target_alias=''

## ----------- ##
## confdefs.h. ##
## ----------- ##

/* confdefs.h */
#define PACKAGE_NAME "FULL-PACKAGE-NAME"
#define PACKAGE_TARNAME "full-package-name"
#define PACKAGE_VERSION "VERSION"
#define PACKAGE_STRING "FULL-PACKAGE-NAME VERSION"
#define PACKAGE_BUGREPORT "BUG-REPORT-ADDRESS"
#define PACKAGE_URL ""
#define PACKAGE "phddns"
#define VERSION "2.0.2.16556"
#define STDC_HEADERS 1
#define HAVE_SYS_TYPES_H 1
#define HAVE_SYS_STAT_H 1
#define HAVE_STDLIB_H 1
#define HAVE_STRING_H 1
#define HAVE_MEMORY_H 1
#define HAVE_STRINGS_H 1
#define HAVE_INTTYPES_H 1
#define HAVE_STDINT_H 1
#define HAVE_UNISTD_H 1
#define HAVE_ARPA_INET_H 1
#define HAVE_FCNTL_H 1
#define HAVE_MEMORY_H 1
#define HAVE_NETDB_H 1
#define HAVE_NETINET_IN_H 1
#define HAVE_STDDEF_H 1
#define HAVE_STDLIB_H 1
#define HAVE_STRING_H 1
#define HAVE_SYS_IOCTL_H 1
#define HAVE_SYS_SOCKET_H 1
#define HAVE_SYS_TIME_H 1
#define HAVE_SYS_TIMEB_H 1
#define HAVE_TERMIOS_H 1
#define HAVE_UNISTD_H 1
#define HAVE__BOOL 1
#define HAVE_STDBOOL_H 1
#define TIME_WITH_SYS_TIME 1
#define HAVE_SYS_SELECT_H 1
#define HAVE_SYS_SOCKET_H 1
#define SELECT_TYPE_ARG1 int
#define SELECT_TYPE_ARG234 (fd_set *)
#define SELECT_TYPE_ARG5 (struct timeval *)
#define RETSIGTYPE void
#define HAVE_STRFTIME 1
#define HAVE_VPRINTF 1
#define HAVE_GETHOSTBYNAME 1
#define HAVE_INET_NTOA 1
#define HAVE_ISASCII 1
#define HAVE_MEMSET 1
#define HAVE_SELECT 1
#define HAVE_SOCKET 1
#define HAVE_STRCHR 1
#define HAVE_STRSTR 1

configure: exit 0
